DEBUG:root:2023-11-26 18:39:15 - --- Старт игры ---
DEBUG:root:2023-11-26 18:39:19 - Сгенерировано загаданное число: 6
DEBUG:root:2023-11-26 18:39:19 - Верхняя граница диапазона: 7. Количество попыток: 3
DEBUG:root:2023-11-26 18:39:23 - Пользователь ввел число: 5
DEBUG:root:2023-11-26 18:39:23 - Загаданное число больше.
DEBUG:root:2023-11-26 18:39:27 - Пользователь ввел число: 6
DEBUG:root:2023-11-26 18:39:27 - Вы угадали!
DEBUG:root:2023-11-26 18:39:27 - Загаданное число: 6
DEBUG:root:2023-11-26 18:39:27 - --- Конец игры ---
DEBUG:root:2023-11-26 18:39:38 - --- Старт игры ---
DEBUG:root:2023-11-26 18:39:44 - Сгенерировано загаданное число: 2
DEBUG:root:2023-11-26 18:39:44 - Верхняя граница диапазона: 10. Количество попыток: 5
DEBUG:root:2023-11-26 18:39:49 - Пользователь ввел число: 5
DEBUG:root:2023-11-26 18:39:49 - Загаданное число меньше.
DEBUG:root:2023-11-26 18:39:50 - Пользователь ввел число: 3
DEBUG:root:2023-11-26 18:39:51 - Загаданное число меньше.
DEBUG:root:2023-11-26 18:39:52 - Пользователь ввел число: 2
DEBUG:root:2023-11-26 18:39:52 - Вы угадали!
DEBUG:root:2023-11-26 18:39:52 - Загаданное число: 2
DEBUG:root:2023-11-26 18:39:52 - --- Конец игры ---
DEBUG:root:2023-11-26 18:41:58 - --- Старт игры ---
DEBUG:root:2023-11-26 18:42:14 - Сгенерировано загаданное число: 4
DEBUG:root:2023-11-26 18:42:14 - Верхняя граница диапазона: 6. Количество попыток: 3
